0 info it worked if it ends with ok
1 verbose cli [ '/usr/bin/nodejs', '/usr/bin/npm', 'install', 'node' ]
2 info using npm@3.5.2
3 info using node@v4.2.6
4 silly loadCurrentTree Starting
5 silly install loadCurrentTree
6 silly install readLocalPackageData
7 silly fetchPackageMetaData node
8 silly fetchNamedPackageData node
9 silly mapToRegistry name node
10 silly mapToRegistry using default registry
11 silly mapToRegistry registry https://registry.npmjs.org/
12 silly mapToRegistry uri https://registry.npmjs.org/node
13 verbose request uri https://registry.npmjs.org/node
14 verbose request no auth needed
15 info attempt registry request try #1 at 12:27:35 PM
16 verbose request id 94b5321bc4b6a716
17 http request GET https://registry.npmjs.org/node
18 http 200 https://registry.npmjs.org/node
19 verbose headers { date: 'Mon, 20 Aug 2018 06:57:35 GMT',
19 verbose headers   'content-type': 'application/json; charset=UTF-8',
19 verbose headers   'transfer-encoding': 'chunked',
19 verbose headers   connection: 'keep-alive',
19 verbose headers   'set-cookie': [ '__cfduid=d228e401f0478aaae092635345d226bff1534748255; expires=Tue, 20-Aug-19 06:57:35 GMT; path=/; domain=.registry.npmjs.org; HttpOnly' ],
19 verbose headers   'cf-cache-status': 'HIT',
19 verbose headers   'cache-control': 'max-age=300',
19 verbose headers   'cf-ray': '44d2f7727de28a7f-BOM',
19 verbose headers   etag: 'W/"fcc440f0f9223908d781326929bc757f"',
19 verbose headers   'expect-ct': 'max-age=604800, report-uri="https://report-uri.cloudflare.com/cdn-cgi/beacon/expect-ct"',
19 verbose headers   'last-modified': 'Thu, 02 Aug 2018 03:42:35 GMT',
19 verbose headers   vary: 'accept-encoding, accept',
19 verbose headers   server: 'cloudflare',
19 verbose headers   'content-encoding': 'gzip' }
20 silly get cb [ 200,
20 silly get   { date: 'Mon, 20 Aug 2018 06:57:35 GMT',
20 silly get     'content-type': 'application/json; charset=UTF-8',
20 silly get     'transfer-encoding': 'chunked',
20 silly get     connection: 'keep-alive',
20 silly get     'set-cookie': [ '__cfduid=d228e401f0478aaae092635345d226bff1534748255; expires=Tue, 20-Aug-19 06:57:35 GMT; path=/; domain=.registry.npmjs.org; HttpOnly' ],
20 silly get     'cf-cache-status': 'HIT',
20 silly get     'cache-control': 'max-age=300',
20 silly get     'cf-ray': '44d2f7727de28a7f-BOM',
20 silly get     etag: 'W/"fcc440f0f9223908d781326929bc757f"',
20 silly get     'expect-ct': 'max-age=604800, report-uri="https://report-uri.cloudflare.com/cdn-cgi/beacon/expect-ct"',
20 silly get     'last-modified': 'Thu, 02 Aug 2018 03:42:35 GMT',
20 silly get     vary: 'accept-encoding, accept',
20 silly get     server: 'cloudflare',
20 silly get     'content-encoding': 'gzip' } ]
21 verbose get saving node to /home/mllab-14/.npm/registry.npmjs.org/node/.cache.json
22 silly install normalizeTree
23 silly loadCurrentTree Finishing
24 silly loadIdealTree Starting
25 silly install loadIdealTree
26 silly cloneCurrentTree Starting
27 silly install cloneCurrentTreeToIdealTree
28 silly cloneCurrentTree Finishing
29 silly loadShrinkwrap Starting
30 silly install loadShrinkwrap
31 silly loadShrinkwrap Finishing
32 silly loadAllDepsIntoIdealTree Starting
33 silly install loadAllDepsIntoIdealTree
34 silly resolveWithNewModule node@10.8.0 checking installable status
35 silly cache add args [ 'node', null ]
36 verbose cache add spec node
37 silly cache add parsed spec Result {
37 silly cache add   raw: 'node',
37 silly cache add   scope: null,
37 silly cache add   name: 'node',
37 silly cache add   rawSpec: '',
37 silly cache add   spec: 'latest',
37 silly cache add   type: 'tag' }
38 silly addNamed node@latest
39 verbose addNamed "latest" is being treated as a dist-tag for node
40 info addNameTag [ 'node', 'latest' ]
41 silly mapToRegistry name node
42 silly mapToRegistry using default registry
43 silly mapToRegistry registry https://registry.npmjs.org/
44 silly mapToRegistry uri https://registry.npmjs.org/node
45 verbose addNameTag registry:https://registry.npmjs.org/node not in flight; fetching
46 verbose get https://registry.npmjs.org/node not expired, no request
47 silly addNameTag next cb for node with tag latest
48 silly addNamed node@10.8.0
49 verbose addNamed "10.8.0" is a plain semver version for node
50 silly mapToRegistry name node
51 silly mapToRegistry using default registry
52 silly mapToRegistry registry https://registry.npmjs.org/
53 silly mapToRegistry uri https://registry.npmjs.org/node
54 verbose addRemoteTarball https://registry.npmjs.org/node/-/node-10.8.0.tgz not in flight; adding
55 verbose addRemoteTarball [ 'https://registry.npmjs.org/node/-/node-10.8.0.tgz',
55 verbose addRemoteTarball   '493a6bba247bedbdd8143b988cb80044f94d1f79' ]
56 info retry fetch attempt 1 at 12:27:35 PM
57 info attempt registry request try #1 at 12:27:35 PM
58 http fetch GET https://registry.npmjs.org/node/-/node-10.8.0.tgz
59 http fetch 200 https://registry.npmjs.org/node/-/node-10.8.0.tgz
60 silly fetchAndShaCheck shasum 493a6bba247bedbdd8143b988cb80044f94d1f79
61 verbose addTmpTarball /tmp/npm-10106-5a156ced/registry.npmjs.org/node/-/node-10.8.0.tgz not in flight; adding
62 verbose addTmpTarball already have metadata; skipping unpack for node@10.8.0
63 silly cache afterAdd node@10.8.0
64 verbose afterAdd /home/mllab-14/.npm/node/10.8.0/package/package.json not in flight; writing
65 verbose afterAdd /home/mllab-14/.npm/node/10.8.0/package/package.json written
66 silly fetchNamedPackageData node-bin-setup
67 silly mapToRegistry name node-bin-setup
68 silly mapToRegistry using default registry
69 silly mapToRegistry registry https://registry.npmjs.org/
70 silly mapToRegistry uri https://registry.npmjs.org/node-bin-setup
71 verbose request uri https://registry.npmjs.org/node-bin-setup
72 verbose request no auth needed
73 info attempt registry request try #1 at 12:27:35 PM
74 http request GET https://registry.npmjs.org/node-bin-setup
75 http 200 https://registry.npmjs.org/node-bin-setup
76 verbose headers { date: 'Mon, 20 Aug 2018 06:57:35 GMT',
76 verbose headers   'content-type': 'application/json; charset=UTF-8',
76 verbose headers   'transfer-encoding': 'chunked',
76 verbose headers   connection: 'keep-alive',
76 verbose headers   'set-cookie': [ '__cfduid=d6a4aa5a230ce79202733da2868cb7f951534748255; expires=Tue, 20-Aug-19 06:57:35 GMT; path=/; domain=.registry.npmjs.org; HttpOnly' ],
76 verbose headers   'cf-cache-status': 'HIT',
76 verbose headers   'cache-control': 'max-age=300',
76 verbose headers   'cf-ray': '44d2f773ba748a79-BOM',
76 verbose headers   etag: 'W/"696d6ec470fda56a33885508a280edab"',
76 verbose headers   'expect-ct': 'max-age=604800, report-uri="https://report-uri.cloudflare.com/cdn-cgi/beacon/expect-ct"',
76 verbose headers   'last-modified': 'Sun, 27 May 2018 09:55:03 GMT',
76 verbose headers   vary: 'accept-encoding, accept',
76 verbose headers   server: 'cloudflare',
76 verbose headers   'content-encoding': 'gzip' }
77 silly get cb [ 200,
77 silly get   { date: 'Mon, 20 Aug 2018 06:57:35 GMT',
77 silly get     'content-type': 'application/json; charset=UTF-8',
77 silly get     'transfer-encoding': 'chunked',
77 silly get     connection: 'keep-alive',
77 silly get     'set-cookie': [ '__cfduid=d6a4aa5a230ce79202733da2868cb7f951534748255; expires=Tue, 20-Aug-19 06:57:35 GMT; path=/; domain=.registry.npmjs.org; HttpOnly' ],
77 silly get     'cf-cache-status': 'HIT',
77 silly get     'cache-control': 'max-age=300',
77 silly get     'cf-ray': '44d2f773ba748a79-BOM',
77 silly get     etag: 'W/"696d6ec470fda56a33885508a280edab"',
77 silly get     'expect-ct': 'max-age=604800, report-uri="https://report-uri.cloudflare.com/cdn-cgi/beacon/expect-ct"',
77 silly get     'last-modified': 'Sun, 27 May 2018 09:55:03 GMT',
77 silly get     vary: 'accept-encoding, accept',
77 silly get     server: 'cloudflare',
77 silly get     'content-encoding': 'gzip' } ]
78 verbose get saving node-bin-setup to /home/mllab-14/.npm/registry.npmjs.org/node-bin-setup/.cache.json
79 silly resolveWithNewModule node-bin-setup@1.0.6 checking installable status
80 silly cache add args [ 'node-bin-setup@^1.0.0', null ]
81 verbose cache add spec node-bin-setup@^1.0.0
82 silly cache add parsed spec Result {
82 silly cache add   raw: 'node-bin-setup@^1.0.0',
82 silly cache add   scope: null,
82 silly cache add   name: 'node-bin-setup',
82 silly cache add   rawSpec: '^1.0.0',
82 silly cache add   spec: '>=1.0.0 <2.0.0',
82 silly cache add   type: 'range' }
83 silly addNamed node-bin-setup@>=1.0.0 <2.0.0
84 verbose addNamed ">=1.0.0 <2.0.0" is a valid semver range for node-bin-setup
85 silly addNameRange { name: 'node-bin-setup',
85 silly addNameRange   range: '>=1.0.0 <2.0.0',
85 silly addNameRange   hasData: false }
86 silly mapToRegistry name node-bin-setup
87 silly mapToRegistry using default registry
88 silly mapToRegistry registry https://registry.npmjs.org/
89 silly mapToRegistry uri https://registry.npmjs.org/node-bin-setup
90 verbose addNameRange registry:https://registry.npmjs.org/node-bin-setup not in flight; fetching
91 verbose get https://registry.npmjs.org/node-bin-setup not expired, no request
92 silly addNameRange number 2 { name: 'node-bin-setup',
92 silly addNameRange   range: '>=1.0.0 <2.0.0',
92 silly addNameRange   hasData: true }
93 silly addNameRange versions [ 'node-bin-setup',
93 silly addNameRange   [ '1.0.0', '1.0.1', '1.0.2', '1.0.3', '1.0.4', '1.0.6' ] ]
94 silly addNamed node-bin-setup@1.0.6
95 verbose addNamed "1.0.6" is a plain semver version for node-bin-setup
96 silly mapToRegistry name node-bin-setup
97 silly mapToRegistry using default registry
98 silly mapToRegistry registry https://registry.npmjs.org/
99 silly mapToRegistry uri https://registry.npmjs.org/node-bin-setup
100 verbose addRemoteTarball https://registry.npmjs.org/node-bin-setup/-/node-bin-setup-1.0.6.tgz not in flight; adding
101 verbose addRemoteTarball [ 'https://registry.npmjs.org/node-bin-setup/-/node-bin-setup-1.0.6.tgz',
101 verbose addRemoteTarball   '4b5c9bb937ece702d7069b36ca78af4684677528' ]
102 info retry fetch attempt 1 at 12:27:35 PM
103 info attempt registry request try #1 at 12:27:35 PM
104 http fetch GET https://registry.npmjs.org/node-bin-setup/-/node-bin-setup-1.0.6.tgz
105 http fetch 200 https://registry.npmjs.org/node-bin-setup/-/node-bin-setup-1.0.6.tgz
106 silly fetchAndShaCheck shasum 4b5c9bb937ece702d7069b36ca78af4684677528
107 verbose addTmpTarball /tmp/npm-10106-5a156ced/registry.npmjs.org/node-bin-setup/-/node-bin-setup-1.0.6.tgz not in flight; adding
108 verbose addTmpTarball already have metadata; skipping unpack for node-bin-setup@1.0.6
109 silly cache afterAdd node-bin-setup@1.0.6
110 verbose afterAdd /home/mllab-14/.npm/node-bin-setup/1.0.6/package/package.json not in flight; writing
111 verbose afterAdd /home/mllab-14/.npm/node-bin-setup/1.0.6/package/package.json written
112 silly loadAllDepsIntoIdealTree Finishing
113 silly idealTree:prePrune blockchain
113 silly idealTree:prePrune +-- crypto-js@3.1.9-1
113 silly idealTree:prePrune +-- node-bin-setup@1.0.6
113 silly idealTree:prePrune `-- node@10.8.0
114 silly loadIdealTree Finishing
115 silly currentTree blockchain
115 silly currentTree `-- crypto-js@3.1.9-1
116 silly idealTree blockchain
116 silly idealTree +-- crypto-js@3.1.9-1
116 silly idealTree +-- node-bin-setup@1.0.6
116 silly idealTree `-- node@10.8.0
117 silly generateActionsToTake Starting
118 silly install generateActionsToTake
119 silly generateActionsToTake Finishing
120 silly diffTrees action count 3
121 silly diffTrees add node-bin-setup@1.0.6
122 silly diffTrees update crypto-js@3.1.9-1
123 silly diffTrees add node@10.8.0
124 silly decomposeActions action count 24
125 silly decomposeActions fetch node-bin-setup@1.0.6
126 silly decomposeActions extract node-bin-setup@1.0.6
127 silly decomposeActions test node-bin-setup@1.0.6
128 silly decomposeActions preinstall node-bin-setup@1.0.6
129 silly decomposeActions build node-bin-setup@1.0.6
130 silly decomposeActions install node-bin-setup@1.0.6
131 silly decomposeActions postinstall node-bin-setup@1.0.6
132 silly decomposeActions finalize node-bin-setup@1.0.6
133 silly decomposeActions fetch crypto-js@3.1.9-1
134 silly decomposeActions extract crypto-js@3.1.9-1
135 silly decomposeActions test crypto-js@3.1.9-1
136 silly decomposeActions preinstall crypto-js@3.1.9-1
137 silly decomposeActions build crypto-js@3.1.9-1
138 silly decomposeActions install crypto-js@3.1.9-1
139 silly decomposeActions postinstall crypto-js@3.1.9-1
140 silly decomposeActions finalize crypto-js@3.1.9-1
141 silly decomposeActions fetch node@10.8.0
142 silly decomposeActions extract node@10.8.0
143 silly decomposeActions test node@10.8.0
144 silly decomposeActions preinstall node@10.8.0
145 silly decomposeActions build node@10.8.0
146 silly decomposeActions install node@10.8.0
147 silly decomposeActions postinstall node@10.8.0
148 silly decomposeActions finalize node@10.8.0
149 silly executeActions Starting
150 silly install executeActions
151 silly doSerial global-install 0
152 silly doParallel fetch 3
153 verbose lock using /home/mllab-14/.npm/_locks/staging-85f353a5d4163c07.lock for /home/mllab-14/blockchain/node_modules/.staging
154 silly doParallel extract 3
155 silly extract node-bin-setup@1.0.6
156 silly extract crypto-js@3.1.9-1
157 silly extract node@10.8.0
158 verbose unbuild node_modules/.staging/node-bin-setup-2a639d14
159 verbose unbuild node_modules/.staging/crypto-js-1fb18e59
160 verbose unbuild node_modules/.staging/node-b4cb68d1
161 silly gentlyRm /home/mllab-14/blockchain/node_modules/.staging/node-bin-setup-2a639d14 is being purged from base /home/mllab-14/blockchain
162 verbose gentlyRm don't care about contents; nuking /home/mllab-14/blockchain/node_modules/.staging/node-bin-setup-2a639d14
163 silly gentlyRm /home/mllab-14/blockchain/node_modules/.staging/crypto-js-1fb18e59 is being purged from base /home/mllab-14/blockchain
164 verbose gentlyRm don't care about contents; nuking /home/mllab-14/blockchain/node_modules/.staging/crypto-js-1fb18e59
165 verbose tar unpack /home/mllab-14/.npm/node-bin-setup/1.0.6/package.tgz
166 verbose tar unpacking to /home/mllab-14/blockchain/node_modules/.staging/node-bin-setup-2a639d14
167 silly gentlyRm /home/mllab-14/blockchain/node_modules/.staging/node-bin-setup-2a639d14 is being purged
168 verbose gentlyRm don't care about contents; nuking /home/mllab-14/blockchain/node_modules/.staging/node-bin-setup-2a639d14
169 verbose tar unpack /home/mllab-14/.npm/crypto-js/3.1.9-1/package.tgz
170 verbose tar unpacking to /home/mllab-14/blockchain/node_modules/.staging/crypto-js-1fb18e59
171 silly gentlyRm /home/mllab-14/blockchain/node_modules/.staging/crypto-js-1fb18e59 is being purged
172 verbose gentlyRm don't care about contents; nuking /home/mllab-14/blockchain/node_modules/.staging/crypto-js-1fb18e59
173 silly gentlyRm /home/mllab-14/blockchain/node_modules/.staging/node-b4cb68d1 is being purged from base /home/mllab-14/blockchain
174 verbose gentlyRm don't care about contents; nuking /home/mllab-14/blockchain/node_modules/.staging/node-b4cb68d1
175 silly gunzTarPerm modes [ '775', '664' ]
176 silly gunzTarPerm modes [ '775', '664' ]
177 verbose tar unpack /home/mllab-14/.npm/node/10.8.0/package.tgz
178 verbose tar unpacking to /home/mllab-14/blockchain/node_modules/.staging/node-b4cb68d1
179 silly gentlyRm /home/mllab-14/blockchain/node_modules/.staging/node-b4cb68d1 is being purged
180 verbose gentlyRm don't care about contents; nuking /home/mllab-14/blockchain/node_modules/.staging/node-b4cb68d1
181 silly gunzTarPerm modes [ '775', '664' ]
182 silly gunzTarPerm extractEntry package.json
183 silly gunzTarPerm modified mode [ 'package.json', 420, 436 ]
184 silly gunzTarPerm extractEntry package.json
185 silly gunzTarPerm modified mode [ 'package.json', 420, 436 ]
186 silly gunzTarPerm extractEntry package.json
187 silly gunzTarPerm modified mode [ 'package.json', 420, 436 ]
188 silly gunzTarPerm extractEntry index.js
189 silly gunzTarPerm modified mode [ 'index.js', 420, 436 ]
190 silly gunzTarPerm extractEntry README.md
191 silly gunzTarPerm modified mode [ 'README.md', 420, 436 ]
192 silly gunzTarPerm extractEntry LICENSE
193 silly gunzTarPerm modified mode [ 'LICENSE', 420, 436 ]
194 silly gunzTarPerm extractEntry installArchSpecificPackage.js
195 silly gunzTarPerm modified mode [ 'installArchSpecificPackage.js', 420, 436 ]
196 silly gunzTarPerm extractEntry README.md
197 silly gunzTarPerm modified mode [ 'README.md', 420, 436 ]
198 silly gunzTarPerm extractEntry hmac-sha384.js
199 silly gunzTarPerm modified mode [ 'hmac-sha384.js', 420, 436 ]
200 silly gunzTarPerm extractEntry hmac-sha512.js
201 silly gunzTarPerm modified mode [ 'hmac-sha512.js', 420, 436 ]
202 silly gunzTarPerm extractEntry hmac.js
203 silly gunzTarPerm modified mode [ 'hmac.js', 420, 436 ]
204 silly gunzTarPerm extractEntry hmac-ripemd160.js
205 silly gunzTarPerm modified mode [ 'hmac-ripemd160.js', 420, 436 ]
206 silly gentlyRm /home/mllab-14/blockchain/node_modules/.staging/node-bin-setup-2a639d14/node_modules is being purged
207 verbose gentlyRm don't care about contents; nuking /home/mllab-14/blockchain/node_modules/.staging/node-bin-setup-2a639d14/node_modules
208 silly gunzTarPerm extractEntry hmac-sha3.js
209 silly gunzTarPerm modified mode [ 'hmac-sha3.js', 420, 436 ]
210 silly gunzTarPerm extractEntry md5.js
211 silly gunzTarPerm modified mode [ 'md5.js', 420, 436 ]
212 silly gunzTarPerm extractEntry mode-cfb.js
213 silly gunzTarPerm modified mode [ 'mode-cfb.js', 420, 436 ]
214 silly gunzTarPerm extractEntry mode-ctr-gladman.js
215 silly gunzTarPerm modified mode [ 'mode-ctr-gladman.js', 420, 436 ]
216 silly gentlyRm /home/mllab-14/blockchain/node_modules/.staging/node-b4cb68d1/node_modules is being purged
217 verbose gentlyRm don't care about contents; nuking /home/mllab-14/blockchain/node_modules/.staging/node-b4cb68d1/node_modules
218 silly gunzTarPerm extractEntry mode-ctr.js
219 silly gunzTarPerm modified mode [ 'mode-ctr.js', 420, 436 ]
220 silly gunzTarPerm extractEntry mode-ecb.js
221 silly gunzTarPerm modified mode [ 'mode-ecb.js', 420, 436 ]
222 silly gunzTarPerm extractEntry hmac-sha256.js
223 silly gunzTarPerm modified mode [ 'hmac-sha256.js', 420, 436 ]
224 silly gunzTarPerm extractEntry mode-ofb.js
225 silly gunzTarPerm modified mode [ 'mode-ofb.js', 420, 436 ]
226 silly gunzTarPerm extractEntry hmac-sha224.js
227 silly gunzTarPerm modified mode [ 'hmac-sha224.js', 420, 436 ]
228 silly gunzTarPerm extractEntry hmac-sha1.js
229 silly gunzTarPerm modified mode [ 'hmac-sha1.js', 420, 436 ]
230 silly gunzTarPerm extractEntry hmac-md5.js
231 silly gunzTarPerm modified mode [ 'hmac-md5.js', 420, 436 ]
232 silly gunzTarPerm extractEntry pad-ansix923.js
233 silly gunzTarPerm modified mode [ 'pad-ansix923.js', 420, 436 ]
234 silly gunzTarPerm extractEntry format-openssl.js
235 silly gunzTarPerm modified mode [ 'format-openssl.js', 420, 436 ]
236 silly gunzTarPerm extractEntry pad-iso10126.js
237 silly gunzTarPerm modified mode [ 'pad-iso10126.js', 420, 436 ]
238 silly gunzTarPerm extractEntry format-hex.js
239 silly gunzTarPerm modified mode [ 'format-hex.js', 420, 436 ]
240 silly gunzTarPerm extractEntry pad-iso97971.js
241 silly gunzTarPerm modified mode [ 'pad-iso97971.js', 420, 436 ]
242 silly gunzTarPerm extractEntry evpkdf.js
243 silly gunzTarPerm modified mode [ 'evpkdf.js', 420, 436 ]
244 silly gunzTarPerm extractEntry pad-nopadding.js
245 silly gunzTarPerm modified mode [ 'pad-nopadding.js', 420, 436 ]
246 silly gunzTarPerm extractEntry enc-utf8.js
247 silly gunzTarPerm modified mode [ 'enc-utf8.js', 420, 436 ]
248 silly gunzTarPerm extractEntry pad-pkcs7.js
249 silly gunzTarPerm modified mode [ 'pad-pkcs7.js', 420, 436 ]
250 silly gunzTarPerm extractEntry enc-utf16.js
251 silly gunzTarPerm modified mode [ 'enc-utf16.js', 420, 436 ]
252 silly gunzTarPerm extractEntry pad-zeropadding.js
253 silly gunzTarPerm modified mode [ 'pad-zeropadding.js', 420, 436 ]
254 silly gunzTarPerm extractEntry enc-latin1.js
255 silly gunzTarPerm modified mode [ 'enc-latin1.js', 420, 436 ]
256 silly gunzTarPerm extractEntry pbkdf2.js
257 silly gunzTarPerm modified mode [ 'pbkdf2.js', 420, 436 ]
258 silly gunzTarPerm extractEntry enc-hex.js
259 silly gunzTarPerm modified mode [ 'enc-hex.js', 420, 436 ]
260 silly gunzTarPerm extractEntry rabbit-legacy.js
261 silly gunzTarPerm modified mode [ 'rabbit-legacy.js', 420, 436 ]
262 silly gunzTarPerm extractEntry enc-base64.js
263 silly gunzTarPerm modified mode [ 'enc-base64.js', 420, 436 ]
264 silly gunzTarPerm extractEntry rabbit.js
265 silly gunzTarPerm modified mode [ 'rabbit.js', 420, 436 ]
266 silly gunzTarPerm extractEntry sha512.js
267 silly gunzTarPerm modified mode [ 'sha512.js', 420, 436 ]
268 silly gunzTarPerm extractEntry rc4.js
269 silly gunzTarPerm modified mode [ 'rc4.js', 420, 436 ]
270 silly gunzTarPerm extractEntry crypto-js.js
271 silly gunzTarPerm modified mode [ 'crypto-js.js', 420, 436 ]
272 silly gunzTarPerm extractEntry ripemd160.js
273 silly gunzTarPerm modified mode [ 'ripemd160.js', 420, 436 ]
274 silly gunzTarPerm extractEntry core.js
275 silly gunzTarPerm modified mode [ 'core.js', 420, 436 ]
276 silly gunzTarPerm extractEntry sha1.js
277 silly gunzTarPerm modified mode [ 'sha1.js', 420, 436 ]
278 silly gunzTarPerm extractEntry cipher-core.js
279 silly gunzTarPerm modified mode [ 'cipher-core.js', 420, 436 ]
280 silly gunzTarPerm extractEntry sha224.js
281 silly gunzTarPerm modified mode [ 'sha224.js', 420, 436 ]
282 silly gunzTarPerm extractEntry tripledes.js
283 silly gunzTarPerm modified mode [ 'tripledes.js', 420, 436 ]
284 silly gunzTarPerm extractEntry sha256.js
285 silly gunzTarPerm modified mode [ 'sha256.js', 420, 436 ]
286 silly gunzTarPerm extractEntry aes.js
287 silly gunzTarPerm modified mode [ 'aes.js', 420, 436 ]
288 silly gunzTarPerm extractEntry x64-core.js
289 silly gunzTarPerm modified mode [ 'x64-core.js', 420, 436 ]
290 silly gunzTarPerm extractEntry sha3.js
291 silly gunzTarPerm modified mode [ 'sha3.js', 420, 436 ]
292 silly gunzTarPerm extractEntry sha384.js
293 silly gunzTarPerm modified mode [ 'sha384.js', 420, 436 ]
294 silly gunzTarPerm extractEntry index.js
295 silly gunzTarPerm modified mode [ 'index.js', 420, 436 ]
296 silly gunzTarPerm extractEntry lib-typedarrays.js
297 silly gunzTarPerm modified mode [ 'lib-typedarrays.js', 420, 436 ]
298 silly gunzTarPerm extractEntry docs/QuickStartGuide.wiki
299 silly gunzTarPerm modified mode [ 'docs/QuickStartGuide.wiki', 420, 436 ]
300 silly gunzTarPerm extractEntry bower.json
301 silly gunzTarPerm modified mode [ 'bower.json', 420, 436 ]
302 silly gunzTarPerm extractEntry CONTRIBUTING.md
303 silly gunzTarPerm modified mode [ 'CONTRIBUTING.md', 420, 436 ]
304 silly gentlyRm /home/mllab-14/blockchain/node_modules/.staging/crypto-js-1fb18e59/node_modules is being purged
305 verbose gentlyRm don't care about contents; nuking /home/mllab-14/blockchain/node_modules/.staging/crypto-js-1fb18e59/node_modules
306 silly doParallel preinstall 3
307 silly preinstall node-bin-setup@1.0.6 /home/mllab-14/blockchain/node_modules/.staging/node-bin-setup-2a639d14
308 info lifecycle node-bin-setup@1.0.6~preinstall: node-bin-setup@1.0.6
309 silly preinstall crypto-js@3.1.9-1 /home/mllab-14/blockchain/node_modules/.staging/crypto-js-1fb18e59
310 info lifecycle crypto-js@3.1.9-1~preinstall: crypto-js@3.1.9-1
311 silly preinstall node@10.8.0 /home/mllab-14/blockchain/node_modules/.staging/node-b4cb68d1
312 info lifecycle node@10.8.0~preinstall: node@10.8.0
313 silly lifecycle node-bin-setup@1.0.6~preinstall: no script for preinstall, continuing
314 silly lifecycle crypto-js@3.1.9-1~preinstall: no script for preinstall, continuing
315 verbose lifecycle node@10.8.0~preinstall: unsafe-perm in lifecycle true
316 verbose lifecycle node@10.8.0~preinstall: PATH: /usr/share/npm/bin/node-gyp-bin:/home/mllab-14/blockchain/node_modules/.staging/node-b4cb68d1/node_modules/.bin:/home/mllab-14/blockchain/node_modules/.bin:/usr/local/sbin:/usr/local/bin:/usr/sbin:/usr/bin:/sbin:/bin:/usr/games:/usr/local/games:/snap/bin
317 verbose lifecycle node@10.8.0~preinstall: CWD: /home/mllab-14/blockchain/node_modules/.staging/node-b4cb68d1
318 silly lifecycle node@10.8.0~preinstall: Args: [ '-c', 'node installArchSpecificPackage' ]
319 info lifecycle node@10.8.0~preinstall: Failed to exec preinstall script
320 verbose unlock done using /home/mllab-14/.npm/_locks/staging-85f353a5d4163c07.lock for /home/mllab-14/blockchain/node_modules/.staging
321 silly rollbackFailedOptional Starting
322 silly rollbackFailedOptional Finishing
323 silly runTopLevelLifecycles Starting
324 silly runTopLevelLifecycles Finishing
325 silly install printInstalled
326 warn enoent ENOENT: no such file or directory, open '/home/mllab-14/blockchain/package.json'
327 warn blockchain No description
328 warn blockchain No repository field.
329 warn blockchain No README data
330 warn blockchain No license field.
331 verbose stack Error: node@10.8.0 preinstall: `node installArchSpecificPackage`
331 verbose stack spawn ENOENT
331 verbose stack     at ChildProcess.<anonymous> (/usr/share/npm/lib/utils/spawn.js:17:16)
331 verbose stack     at emitTwo (events.js:87:13)
331 verbose stack     at ChildProcess.emit (events.js:172:7)
331 verbose stack     at maybeClose (internal/child_process.js:821:16)
331 verbose stack     at Process.ChildProcess._handle.onexit (internal/child_process.js:211:5)
332 verbose pkgid node@10.8.0
333 verbose cwd /home/mllab-14/blockchain
334 error Linux 4.4.0-130-generic
335 error argv "/usr/bin/nodejs" "/usr/bin/npm" "install" "node"
336 error node v4.2.6
337 error npm  v3.5.2
338 error file sh
339 error code ELIFECYCLE
340 error errno ENOENT
341 error syscall spawn
342 error node@10.8.0 preinstall: `node installArchSpecificPackage`
342 error spawn ENOENT
343 error Failed at the node@10.8.0 preinstall script 'node installArchSpecificPackage'.
343 error Make sure you have the latest version of node.js and npm installed.
343 error If you do, this is most likely a problem with the node package,
343 error not with npm itself.
343 error Tell the author that this fails on your system:
343 error     node installArchSpecificPackage
343 error You can get information on how to open an issue for this project with:
343 error     npm bugs node
343 error Or if that isn't available, you can get their info via:
343 error     npm owner ls node
343 error There is likely additional logging output above.
344 verbose exit [ 1, true ]
